


ARM Macro Assembler    Page 1 


    1 00000000                 AREA             RESET, DATA, READONLY
    2 00000000                 EXPORT           __Vectors
    3 00000000         __Vectors
    4 00000000 10001000        DCD              0x10001000  ; stack pointer val
                                                            ue when stack is em
                                                            pty
    5 00000004 00000000        DCD              Reset_Handler ; reset vector
    6 00000008                 ALIGN
    7 00000008                 AREA             mycode, CODE, READONLY
    8 00000000                 ENTRY
    9 00000000                 EXPORT           Reset_Handler
   10 00000000         Reset_Handler
   11 00000000 480D            LDR              R0,=HEX
   12 00000002 6803            LDR              R3,[R0]
   13 00000004 F000 F80B 
                       UP      BL               DIV         ;
   14 00000008 FA03 F302       LSL              R3,R2
   15 0000000C 441C            ADD              R4,R3
   16 0000000E F102 0204       ADD              R2,#4
   17 00000012 460B            MOV              R3,R1
   18 00000014 2900            CMP              R1,#0
   19 00000016 D1F5            BNE              UP
   20 00000018 4D08            LDR              R5,=BCD
   21 0000001A 602C            STR              R4,[R5]
   22 0000001C E7FE    STOP    B                STOP
   23 0000001E F04F 0100 
                       DIV     MOV              R1,#0
   24 00000022 2B0A    BACK    CMP              R3,#0XA
   25 00000024 D304            BLO              EXIT
   26 00000026 F1A3 030A       SUB              R3,#0XA
   27 0000002A F101 0101       ADD              R1,#1
   28 0000002E E7F8            B                BACK
   29 00000030 4770    EXIT    BX               LR
   30 00000032 00 00 0000002B 
                       HEX     DCD              0X2B
   31 00000038 00000000 
              00000000         AREA             mydata,DATA,READWRITE
   32 00000000 00000000 
                       BCD     DCD              0
   33 00000004                 END
Command Line: --debug --xref --cpu=Cortex-M3 --apcs=interwork --depend=.\hexToB
cd.d -o.\hexToBcd.o -IC:\Keil\ARM\RV31\INC -IC:\Keil\ARM\CMSIS\Include -IC:\Kei
l\ARM\Inc\NXP\LPC17xx --predefine="__EVAL SETA 1" --list=.\hexToBcd.lst "G:\es\
220911009\LAB 3\hexToBcd.asm"



ARM Macro Assembler    Page 1 Alphabetic symbol ordering
Relocatable symbols

RESET 00000000

Symbol: RESET
   Definitions
      At line 1 in file G:\es\220911009\LAB
   Uses
      None
Comment: RESET unused
__Vectors 00000000

Symbol: __Vectors
   Definitions
      At line 3 in file G:\es\220911009\LAB
   Uses
      At line 2 in file G:\es\220911009\LAB
Comment: __Vectors used once
2 symbols



ARM Macro Assembler    Page 1 Alphabetic symbol ordering
Relocatable symbols

BACK 00000022

Symbol: BACK
   Definitions
      At line 24 in file G:\es\220911009\LAB
   Uses
      At line 28 in file G:\es\220911009\LAB
Comment: BACK used once
DIV 0000001E

Symbol: DIV
   Definitions
      At line 23 in file G:\es\220911009\LAB
   Uses
      At line 13 in file G:\es\220911009\LAB
Comment: DIV used once
EXIT 00000030

Symbol: EXIT
   Definitions
      At line 29 in file G:\es\220911009\LAB
   Uses
      At line 25 in file G:\es\220911009\LAB
Comment: EXIT used once
HEX 00000034

Symbol: HEX
   Definitions
      At line 30 in file G:\es\220911009\LAB
   Uses
      At line 11 in file G:\es\220911009\LAB
Comment: HEX used once
Reset_Handler 00000000

Symbol: Reset_Handler
   Definitions
      At line 10 in file G:\es\220911009\LAB
   Uses
      At line 5 in file G:\es\220911009\LAB
      At line 9 in file G:\es\220911009\LAB

STOP 0000001C

Symbol: STOP
   Definitions
      At line 22 in file G:\es\220911009\LAB
   Uses
      At line 22 in file G:\es\220911009\LAB
Comment: STOP used once
UP 00000004

Symbol: UP
   Definitions
      At line 13 in file G:\es\220911009\LAB
   Uses
      At line 19 in file G:\es\220911009\LAB
Comment: UP used once
mycode 00000000




ARM Macro Assembler    Page 2 Alphabetic symbol ordering
Relocatable symbols

Symbol: mycode
   Definitions
      At line 7 in file G:\es\220911009\LAB
   Uses
      None
Comment: mycode unused
8 symbols



ARM Macro Assembler    Page 1 Alphabetic symbol ordering
Relocatable symbols

BCD 00000000

Symbol: BCD
   Definitions
      At line 32 in file G:\es\220911009\LAB
   Uses
      At line 20 in file G:\es\220911009\LAB
Comment: BCD used once
mydata 00000000

Symbol: mydata
   Definitions
      At line 31 in file G:\es\220911009\LAB
   Uses
      None
Comment: mydata unused
2 symbols
345 symbols in table
